
Thu Mar 18 19:54:12 UTC 2021

NOTE: all os-level commands edited by hand - mistakes are not present in originals. ;)

 $ cd pico-examples/build

 $ cmake -D"PICO_BOARD=pico" .. >> ./build.log 2>&1 ; date

Using PICO_SDK_PATH from environment ('../../pico-sdk')
PICO_SDK_PATH is /some/path/to/camelforth-rp2040-b-MS-U/17-camelforth-b.d/pico-sdk
Defaulting PICO_PLATFORM to rp2040 since not specified.
Defaulting PICO platform compiler to pico_arm_gcc since not specified.
-- Defaulting build type to 'Release' since not specified.
PICO compiler is pico_arm_gcc
PICO_GCC_TRIPLE defaulted to arm-none-eabi
-- The C compiler identification is GNU 7.3.1
-- The CXX compiler identification is GNU 7.3.1
-- The ASM compiler identification is GNU
-- Found assembler: /usr/bin/arm-none-eabi-gcc
PICO target board is pico.
Using board configuration from /some/path/to/camelforth-rp2040-b-MS-U/17-camelforth-b.d/pico-sdk/src/boards/include/boards/pico.h
-- Found Python3: /usr/bin/python3.7 (found version "3.7.3") found components:  Interpreter 
TinyUSB available at /some/path/to/camelforth-rp2040-b-MS-U/17-camelforth-b.d/pico-sdk/lib/tinyusb/src/portable/raspberrypi/rp2040; adding USB support.
-- Found Doxygen: /usr/bin/doxygen (found version "1.8.13") found components:  doxygen dot 
ELF2UF2 will need to be built
-- Configuring done
-- Generating done
-- Build files have been written to: /some/path/to/camelforth-rp2040-b-MS-U/17-camelforth-b.d/pico-examples/build


 $ cd camelforth-b

 $ make >> ../build.log 2>&1 ; date

Scanning dependencies of target bs2_default
[  1%] Building ASM object pico-sdk/src/rp2_common/boot_stage2/CMakeFiles/bs2_default.dir/boot2_w25q080.S.obj
[  1%] Linking ASM executable bs2_default.elf
[  1%] Built target bs2_default
Scanning dependencies of target bs2_default_padded_checksummed_asm
[  2%] Generating bs2_default.bin
[  2%] Generating bs2_default_padded_checksummed.S
[  2%] Built target bs2_default_padded_checksummed_asm
Scanning dependencies of target pico-LED
[  2%] Building C object camelforth-b/pico-hw/pico-LED/CMakeFiles/pico-LED.dir/pico-LED.c.obj
[  3%] Building C object camelforth-b/pico-hw/pico-LED/CMakeFiles/pico-LED.dir/some/path/to/camelforth-rp2040-b-MS-U/17-camelforth-b.d/pico-sdk/src/rp2_common/pico_stdlib/stdlib.c.obj
[  3%] Building C object camelforth-b/pico-hw/pico-LED/CMakeFiles/pico-LED.dir/some/path/to/camelforth-rp2040-b-MS-U/17-camelforth-b.d/pico-sdk/src/rp2_common/hardware_gpio/gpio.c.obj
[  4%] Building C object camelforth-b/pico-hw/pico-LED/CMakeFiles/pico-LED.dir/some/path/to/camelforth-rp2040-b-MS-U/17-camelforth-b.d/pico-sdk/src/rp2_common/hardware_claim/claim.c.obj
[  5%] Building C object camelforth-b/pico-hw/pico-LED/CMakeFiles/pico-LED.dir/some/path/to/camelforth-rp2040-b-MS-U/17-camelforth-b.d/pico-sdk/src/rp2_common/hardware_sync/sync.c.obj
[  5%] Building C object camelforth-b/pico-hw/pico-LED/CMakeFiles/pico-LED.dir/some/path/to/camelforth-rp2040-b-MS-U/17-camelforth-b.d/pico-sdk/src/rp2_common/pico_platform/platform.c.obj
[  6%] Building C object camelforth-b/pico-hw/pico-LED/CMakeFiles/pico-LED.dir/some/path/to/camelforth-rp2040-b-MS-U/17-camelforth-b.d/pico-sdk/src/rp2_common/hardware_uart/uart.c.obj
[  6%] Building ASM object camelforth-b/pico-hw/pico-LED/CMakeFiles/pico-LED.dir/some/path/to/camelforth-rp2040-b-MS-U/17-camelforth-b.d/pico-sdk/src/rp2_common/hardware_divider/divider.S.obj
[  7%] Building C object camelforth-b/pico-hw/pico-LED/CMakeFiles/pico-LED.dir/some/path/to/camelforth-rp2040-b-MS-U/17-camelforth-b.d/pico-sdk/src/common/pico_time/time.c.obj
[  7%] Building C object camelforth-b/pico-hw/pico-LED/CMakeFiles/pico-LED.dir/some/path/to/camelforth-rp2040-b-MS-U/17-camelforth-b.d/pico-sdk/src/common/pico_time/timeout_helper.c.obj
[  8%] Building C object camelforth-b/pico-hw/pico-LED/CMakeFiles/pico-LED.dir/some/path/to/camelforth-rp2040-b-MS-U/17-camelforth-b.d/pico-sdk/src/rp2_common/hardware_timer/timer.c.obj
[  9%] Building C object camelforth-b/pico-hw/pico-LED/CMakeFiles/pico-LED.dir/some/path/to/camelforth-rp2040-b-MS-U/17-camelforth-b.d/pico-sdk/src/common/pico_sync/sem.c.obj
[  9%] Building C object camelforth-b/pico-hw/pico-LED/CMakeFiles/pico-LED.dir/some/path/to/camelforth-rp2040-b-MS-U/17-camelforth-b.d/pico-sdk/src/common/pico_sync/lock_core.c.obj
[ 10%] Building C object camelforth-b/pico-hw/pico-LED/CMakeFiles/pico-LED.dir/some/path/to/camelforth-rp2040-b-MS-U/17-camelforth-b.d/pico-sdk/src/common/pico_sync/mutex.c.obj
[ 10%] Building C object camelforth-b/pico-hw/pico-LED/CMakeFiles/pico-LED.dir/some/path/to/camelforth-rp2040-b-MS-U/17-camelforth-b.d/pico-sdk/src/common/pico_sync/critical_section.c.obj
[ 11%] Building C object camelforth-b/pico-hw/pico-LED/CMakeFiles/pico-LED.dir/some/path/to/camelforth-rp2040-b-MS-U/17-camelforth-b.d/pico-sdk/src/common/pico_util/datetime.c.obj
[ 11%] Building C object camelforth-b/pico-hw/pico-LED/CMakeFiles/pico-LED.dir/some/path/to/camelforth-rp2040-b-MS-U/17-camelforth-b.d/pico-sdk/src/common/pico_util/pheap.c.obj
[ 12%] Building C object camelforth-b/pico-hw/pico-LED/CMakeFiles/pico-LED.dir/some/path/to/camelforth-rp2040-b-MS-U/17-camelforth-b.d/pico-sdk/src/common/pico_util/queue.c.obj
[ 13%] Building C object camelforth-b/pico-hw/pico-LED/CMakeFiles/pico-LED.dir/some/path/to/camelforth-rp2040-b-MS-U/17-camelforth-b.d/pico-sdk/src/rp2_common/pico_runtime/runtime.c.obj
[ 13%] Building C object camelforth-b/pico-hw/pico-LED/CMakeFiles/pico-LED.dir/some/path/to/camelforth-rp2040-b-MS-U/17-camelforth-b.d/pico-sdk/src/rp2_common/hardware_clocks/clocks.c.obj
[ 14%] Building C object camelforth-b/pico-hw/pico-LED/CMakeFiles/pico-LED.dir/some/path/to/camelforth-rp2040-b-MS-U/17-camelforth-b.d/pico-sdk/src/rp2_common/hardware_watchdog/watchdog.c.obj
[ 14%] Building C object camelforth-b/pico-hw/pico-LED/CMakeFiles/pico-LED.dir/some/path/to/camelforth-rp2040-b-MS-U/17-camelforth-b.d/pico-sdk/src/rp2_common/hardware_xosc/xosc.c.obj
[ 15%] Building C object camelforth-b/pico-hw/pico-LED/CMakeFiles/pico-LED.dir/some/path/to/camelforth-rp2040-b-MS-U/17-camelforth-b.d/pico-sdk/src/rp2_common/hardware_pll/pll.c.obj
[ 15%] Building C object camelforth-b/pico-hw/pico-LED/CMakeFiles/pico-LED.dir/some/path/to/camelforth-rp2040-b-MS-U/17-camelforth-b.d/pico-sdk/src/rp2_common/hardware_vreg/vreg.c.obj
[ 16%] Building C object camelforth-b/pico-hw/pico-LED/CMakeFiles/pico-LED.dir/some/path/to/camelforth-rp2040-b-MS-U/17-camelforth-b.d/pico-sdk/src/rp2_common/hardware_irq/irq.c.obj
[ 17%] Building ASM object camelforth-b/pico-hw/pico-LED/CMakeFiles/pico-LED.dir/some/path/to/camelforth-rp2040-b-MS-U/17-camelforth-b.d/pico-sdk/src/rp2_common/hardware_irq/irq_handler_chain.S.obj
[ 17%] Building C object camelforth-b/pico-hw/pico-LED/CMakeFiles/pico-LED.dir/some/path/to/camelforth-rp2040-b-MS-U/17-camelforth-b.d/pico-sdk/src/rp2_common/pico_printf/printf.c.obj
[ 18%] Building ASM object camelforth-b/pico-hw/pico-LED/CMakeFiles/pico-LED.dir/some/path/to/camelforth-rp2040-b-MS-U/17-camelforth-b.d/pico-sdk/src/rp2_common/pico_bit_ops/bit_ops_aeabi.S.obj
[ 18%] Building C object camelforth-b/pico-hw/pico-LED/CMakeFiles/pico-LED.dir/some/path/to/camelforth-rp2040-b-MS-U/17-camelforth-b.d/pico-sdk/src/rp2_common/pico_bootrom/bootrom.c.obj
[ 19%] Building ASM object camelforth-b/pico-hw/pico-LED/CMakeFiles/pico-LED.dir/some/path/to/camelforth-rp2040-b-MS-U/17-camelforth-b.d/pico-sdk/src/rp2_common/pico_divider/divider.S.obj
[ 19%] Building ASM object camelforth-b/pico-hw/pico-LED/CMakeFiles/pico-LED.dir/some/path/to/camelforth-rp2040-b-MS-U/17-camelforth-b.d/pico-sdk/src/rp2_common/pico_double/double_aeabi.S.obj
[ 20%] Building C object camelforth-b/pico-hw/pico-LED/CMakeFiles/pico-LED.dir/some/path/to/camelforth-rp2040-b-MS-U/17-camelforth-b.d/pico-sdk/src/rp2_common/pico_double/double_init_rom.c.obj
[ 21%] Building C object camelforth-b/pico-hw/pico-LED/CMakeFiles/pico-LED.dir/some/path/to/camelforth-rp2040-b-MS-U/17-camelforth-b.d/pico-sdk/src/rp2_common/pico_double/double_math.c.obj
[ 21%] Building ASM object camelforth-b/pico-hw/pico-LED/CMakeFiles/pico-LED.dir/some/path/to/camelforth-rp2040-b-MS-U/17-camelforth-b.d/pico-sdk/src/rp2_common/pico_double/double_v1_rom_shim.S.obj
[ 22%] Building ASM object camelforth-b/pico-hw/pico-LED/CMakeFiles/pico-LED.dir/some/path/to/camelforth-rp2040-b-MS-U/17-camelforth-b.d/pico-sdk/src/rp2_common/pico_int64_ops/pico_int64_ops_aeabi.S.obj
[ 22%] Building ASM object camelforth-b/pico-hw/pico-LED/CMakeFiles/pico-LED.dir/some/path/to/camelforth-rp2040-b-MS-U/17-camelforth-b.d/pico-sdk/src/rp2_common/pico_float/float_aeabi.S.obj
[ 23%] Building C object camelforth-b/pico-hw/pico-LED/CMakeFiles/pico-LED.dir/some/path/to/camelforth-rp2040-b-MS-U/17-camelforth-b.d/pico-sdk/src/rp2_common/pico_float/float_init_rom.c.obj
[ 23%] Building C object camelforth-b/pico-hw/pico-LED/CMakeFiles/pico-LED.dir/some/path/to/camelforth-rp2040-b-MS-U/17-camelforth-b.d/pico-sdk/src/rp2_common/pico_float/float_math.c.obj
[ 24%] Building ASM object camelforth-b/pico-hw/pico-LED/CMakeFiles/pico-LED.dir/some/path/to/camelforth-rp2040-b-MS-U/17-camelforth-b.d/pico-sdk/src/rp2_common/pico_float/float_v1_rom_shim.S.obj
[ 25%] Building C object camelforth-b/pico-hw/pico-LED/CMakeFiles/pico-LED.dir/some/path/to/camelforth-rp2040-b-MS-U/17-camelforth-b.d/pico-sdk/src/rp2_common/pico_malloc/pico_malloc.c.obj
[ 25%] Building ASM object camelforth-b/pico-hw/pico-LED/CMakeFiles/pico-LED.dir/some/path/to/camelforth-rp2040-b-MS-U/17-camelforth-b.d/pico-sdk/src/rp2_common/pico_mem_ops/mem_ops_aeabi.S.obj
[ 26%] Building ASM object camelforth-b/pico-hw/pico-LED/CMakeFiles/pico-LED.dir/some/path/to/camelforth-rp2040-b-MS-U/17-camelforth-b.d/pico-sdk/src/rp2_common/pico_standard_link/crt0.S.obj
[ 26%] Building CXX object camelforth-b/pico-hw/pico-LED/CMakeFiles/pico-LED.dir/some/path/to/camelforth-rp2040-b-MS-U/17-camelforth-b.d/pico-sdk/src/rp2_common/pico_standard_link/new_delete.cpp.obj
/some/path/to/camelforth-rp2040-b-MS-U/17-camelforth-b.d/pico-sdk/src/rp2_common/pico_standard_link/new_delete.cpp:24:6: warning: the program should also define 'void operator delete [](void*, unsigned int)' [-Wsized-deallocation]
 void operator delete[](void *p) noexcept { std::free(p); }
      ^~~~~~~~
[ 27%] Building C object camelforth-b/pico-hw/pico-LED/CMakeFiles/pico-LED.dir/some/path/to/camelforth-rp2040-b-MS-U/17-camelforth-b.d/pico-sdk/src/rp2_common/pico_standard_link/binary_info.c.obj
[ 27%] Building C object camelforth-b/pico-hw/pico-LED/CMakeFiles/pico-LED.dir/some/path/to/camelforth-rp2040-b-MS-U/17-camelforth-b.d/pico-sdk/src/rp2_common/pico_stdio/stdio.c.obj
[ 28%] Building C object camelforth-b/pico-hw/pico-LED/CMakeFiles/pico-LED.dir/some/path/to/camelforth-rp2040-b-MS-U/17-camelforth-b.d/pico-sdk/src/rp2_common/pico_stdio_uart/stdio_uart.c.obj
[ 29%] Linking CXX static library libpico-LED.a
[ 29%] Built target pico-LED
Scanning dependencies of target ELF2UF2Build
[ 29%] Creating directories for 'ELF2UF2Build'
[ 30%] No download step for 'ELF2UF2Build'
[ 31%] No patch step for 'ELF2UF2Build'
[ 31%] No update step for 'ELF2UF2Build'
[ 32%] Performing configure step for 'ELF2UF2Build'
-- The C compiler identification is GNU 8.3.0
-- The CXX compiler identification is GNU 8.3.0
-- Check for working C compiler: /usr/bin/cc
-- Check for working C compiler: /usr/bin/cc -- works
-- Detecting C compiler ABI info
-- Detecting C compiler ABI info - done
-- Detecting C compile features
-- Detecting C compile features - done
-- Check for working CXX compiler: /usr/bin/c++
-- Check for working CXX compiler: /usr/bin/c++ -- works
-- Detecting CXX compiler ABI info
-- Detecting CXX compiler ABI info - done
-- Detecting CXX compile features
-- Detecting CXX compile features - done
-- Configuring done
-- Generating done
-- Build files have been written to: /some/path/to/camelforth-rp2040-b-MS-U/17-camelforth-b.d/pico-examples/build/elf2uf2
[ 32%] Performing build step for 'ELF2UF2Build'
Scanning dependencies of target elf2uf2
[ 50%] Building CXX object CMakeFiles/elf2uf2.dir/main.cpp.o
[100%] Linking CXX executable elf2uf2
[100%] Built target elf2uf2
[ 33%] No install step for 'ELF2UF2Build'
[ 33%] Completed 'ELF2UF2Build'
[ 33%] Built target ELF2UF2Build
Scanning dependencies of target forth
[ 34%] Building C object camelforth-b/forth/CMakeFiles/forth.dir/forth.c.obj
[ 34%] Building C object camelforth-b/forth/CMakeFiles/forth.dir/some/path/to/camelforth-rp2040-b-MS-U/17-camelforth-b.d/pico-sdk/src/rp2_common/pico_runtime/runtime.c.obj
[ 35%] Building C object camelforth-b/forth/CMakeFiles/forth.dir/some/path/to/camelforth-rp2040-b-MS-U/17-camelforth-b.d/pico-sdk/src/rp2_common/hardware_uart/uart.c.obj
[ 36%] Building C object camelforth-b/forth/CMakeFiles/forth.dir/some/path/to/camelforth-rp2040-b-MS-U/17-camelforth-b.d/pico-sdk/src/rp2_common/hardware_claim/claim.c.obj
[ 36%] Building C object camelforth-b/forth/CMakeFiles/forth.dir/some/path/to/camelforth-rp2040-b-MS-U/17-camelforth-b.d/pico-sdk/src/rp2_common/hardware_sync/sync.c.obj
[ 37%] Building C object camelforth-b/forth/CMakeFiles/forth.dir/some/path/to/camelforth-rp2040-b-MS-U/17-camelforth-b.d/pico-sdk/src/rp2_common/pico_platform/platform.c.obj
[ 37%] Building C object camelforth-b/forth/CMakeFiles/forth.dir/some/path/to/camelforth-rp2040-b-MS-U/17-camelforth-b.d/pico-sdk/src/rp2_common/hardware_clocks/clocks.c.obj
[ 38%] Building C object camelforth-b/forth/CMakeFiles/forth.dir/some/path/to/camelforth-rp2040-b-MS-U/17-camelforth-b.d/pico-sdk/src/rp2_common/hardware_watchdog/watchdog.c.obj
[ 38%] Building C object camelforth-b/forth/CMakeFiles/forth.dir/some/path/to/camelforth-rp2040-b-MS-U/17-camelforth-b.d/pico-sdk/src/rp2_common/hardware_xosc/xosc.c.obj
[ 39%] Building C object camelforth-b/forth/CMakeFiles/forth.dir/some/path/to/camelforth-rp2040-b-MS-U/17-camelforth-b.d/pico-sdk/src/rp2_common/hardware_pll/pll.c.obj
[ 40%] Building C object camelforth-b/forth/CMakeFiles/forth.dir/some/path/to/camelforth-rp2040-b-MS-U/17-camelforth-b.d/pico-sdk/src/rp2_common/hardware_vreg/vreg.c.obj
[ 40%] Building C object camelforth-b/forth/CMakeFiles/forth.dir/some/path/to/camelforth-rp2040-b-MS-U/17-camelforth-b.d/pico-sdk/src/rp2_common/hardware_irq/irq.c.obj
[ 41%] Building ASM object camelforth-b/forth/CMakeFiles/forth.dir/some/path/to/camelforth-rp2040-b-MS-U/17-camelforth-b.d/pico-sdk/src/rp2_common/hardware_irq/irq_handler_chain.S.obj
[ 41%] Building C object camelforth-b/forth/CMakeFiles/forth.dir/some/path/to/camelforth-rp2040-b-MS-U/17-camelforth-b.d/pico-sdk/src/common/pico_sync/sem.c.obj
[ 42%] Building C object camelforth-b/forth/CMakeFiles/forth.dir/some/path/to/camelforth-rp2040-b-MS-U/17-camelforth-b.d/pico-sdk/src/common/pico_sync/lock_core.c.obj
[ 42%] Building C object camelforth-b/forth/CMakeFiles/forth.dir/some/path/to/camelforth-rp2040-b-MS-U/17-camelforth-b.d/pico-sdk/src/common/pico_time/time.c.obj
[ 43%] Building C object camelforth-b/forth/CMakeFiles/forth.dir/some/path/to/camelforth-rp2040-b-MS-U/17-camelforth-b.d/pico-sdk/src/common/pico_time/timeout_helper.c.obj
[ 44%] Building C object camelforth-b/forth/CMakeFiles/forth.dir/some/path/to/camelforth-rp2040-b-MS-U/17-camelforth-b.d/pico-sdk/src/rp2_common/hardware_timer/timer.c.obj
[ 44%] Building C object camelforth-b/forth/CMakeFiles/forth.dir/some/path/to/camelforth-rp2040-b-MS-U/17-camelforth-b.d/pico-sdk/src/common/pico_util/datetime.c.obj
[ 45%] Building C object camelforth-b/forth/CMakeFiles/forth.dir/some/path/to/camelforth-rp2040-b-MS-U/17-camelforth-b.d/pico-sdk/src/common/pico_util/pheap.c.obj
[ 45%] Building C object camelforth-b/forth/CMakeFiles/forth.dir/some/path/to/camelforth-rp2040-b-MS-U/17-camelforth-b.d/pico-sdk/src/common/pico_util/queue.c.obj
[ 46%] Building C object camelforth-b/forth/CMakeFiles/forth.dir/some/path/to/camelforth-rp2040-b-MS-U/17-camelforth-b.d/pico-sdk/src/common/pico_sync/mutex.c.obj
[ 46%] Building C object camelforth-b/forth/CMakeFiles/forth.dir/some/path/to/camelforth-rp2040-b-MS-U/17-camelforth-b.d/pico-sdk/src/common/pico_sync/critical_section.c.obj
[ 47%] Building C object camelforth-b/forth/CMakeFiles/forth.dir/some/path/to/camelforth-rp2040-b-MS-U/17-camelforth-b.d/pico-sdk/src/rp2_common/pico_printf/printf.c.obj
[ 48%] Building ASM object camelforth-b/forth/CMakeFiles/forth.dir/some/path/to/camelforth-rp2040-b-MS-U/17-camelforth-b.d/pico-sdk/src/rp2_common/pico_bit_ops/bit_ops_aeabi.S.obj
[ 48%] Building C object camelforth-b/forth/CMakeFiles/forth.dir/some/path/to/camelforth-rp2040-b-MS-U/17-camelforth-b.d/pico-sdk/src/rp2_common/pico_bootrom/bootrom.c.obj
[ 49%] Building ASM object camelforth-b/forth/CMakeFiles/forth.dir/some/path/to/camelforth-rp2040-b-MS-U/17-camelforth-b.d/pico-sdk/src/rp2_common/pico_divider/divider.S.obj
[ 49%] Building ASM object camelforth-b/forth/CMakeFiles/forth.dir/some/path/to/camelforth-rp2040-b-MS-U/17-camelforth-b.d/pico-sdk/src/rp2_common/pico_double/double_aeabi.S.obj
[ 50%] Building C object camelforth-b/forth/CMakeFiles/forth.dir/some/path/to/camelforth-rp2040-b-MS-U/17-camelforth-b.d/pico-sdk/src/rp2_common/pico_double/double_init_rom.c.obj
[ 50%] Building C object camelforth-b/forth/CMakeFiles/forth.dir/some/path/to/camelforth-rp2040-b-MS-U/17-camelforth-b.d/pico-sdk/src/rp2_common/pico_double/double_math.c.obj
[ 51%] Building ASM object camelforth-b/forth/CMakeFiles/forth.dir/some/path/to/camelforth-rp2040-b-MS-U/17-camelforth-b.d/pico-sdk/src/rp2_common/pico_double/double_v1_rom_shim.S.obj
[ 52%] Building ASM object camelforth-b/forth/CMakeFiles/forth.dir/some/path/to/camelforth-rp2040-b-MS-U/17-camelforth-b.d/pico-sdk/src/rp2_common/pico_int64_ops/pico_int64_ops_aeabi.S.obj
[ 52%] Building ASM object camelforth-b/forth/CMakeFiles/forth.dir/some/path/to/camelforth-rp2040-b-MS-U/17-camelforth-b.d/pico-sdk/src/rp2_common/pico_float/float_aeabi.S.obj
[ 53%] Building C object camelforth-b/forth/CMakeFiles/forth.dir/some/path/to/camelforth-rp2040-b-MS-U/17-camelforth-b.d/pico-sdk/src/rp2_common/pico_float/float_init_rom.c.obj
[ 53%] Building C object camelforth-b/forth/CMakeFiles/forth.dir/some/path/to/camelforth-rp2040-b-MS-U/17-camelforth-b.d/pico-sdk/src/rp2_common/pico_float/float_math.c.obj
[ 54%] Building ASM object camelforth-b/forth/CMakeFiles/forth.dir/some/path/to/camelforth-rp2040-b-MS-U/17-camelforth-b.d/pico-sdk/src/rp2_common/pico_float/float_v1_rom_shim.S.obj
[ 54%] Building C object camelforth-b/forth/CMakeFiles/forth.dir/some/path/to/camelforth-rp2040-b-MS-U/17-camelforth-b.d/pico-sdk/src/rp2_common/pico_malloc/pico_malloc.c.obj
[ 55%] Building ASM object camelforth-b/forth/CMakeFiles/forth.dir/some/path/to/camelforth-rp2040-b-MS-U/17-camelforth-b.d/pico-sdk/src/rp2_common/pico_mem_ops/mem_ops_aeabi.S.obj
[ 56%] Building ASM object camelforth-b/forth/CMakeFiles/forth.dir/some/path/to/camelforth-rp2040-b-MS-U/17-camelforth-b.d/pico-sdk/src/rp2_common/pico_standard_link/crt0.S.obj
[ 56%] Building CXX object camelforth-b/forth/CMakeFiles/forth.dir/some/path/to/camelforth-rp2040-b-MS-U/17-camelforth-b.d/pico-sdk/src/rp2_common/pico_standard_link/new_delete.cpp.obj
/some/path/to/camelforth-rp2040-b-MS-U/17-camelforth-b.d/pico-sdk/src/rp2_common/pico_standard_link/new_delete.cpp:24:6: warning: the program should also define 'void operator delete [](void*, unsigned int)' [-Wsized-deallocation]
 void operator delete[](void *p) noexcept { std::free(p); }
      ^~~~~~~~
[ 57%] Building C object camelforth-b/forth/CMakeFiles/forth.dir/some/path/to/camelforth-rp2040-b-MS-U/17-camelforth-b.d/pico-sdk/src/rp2_common/pico_standard_link/binary_info.c.obj
[ 57%] Building C object camelforth-b/forth/CMakeFiles/forth.dir/some/path/to/camelforth-rp2040-b-MS-U/17-camelforth-b.d/pico-sdk/src/rp2_common/hardware_flash/flash.c.obj
[ 58%] Building C object camelforth-b/forth/CMakeFiles/forth.dir/some/path/to/camelforth-rp2040-b-MS-U/17-camelforth-b.d/pico-sdk/src/rp2_common/pico_stdlib/stdlib.c.obj
[ 58%] Building C object camelforth-b/forth/CMakeFiles/forth.dir/some/path/to/camelforth-rp2040-b-MS-U/17-camelforth-b.d/pico-sdk/src/rp2_common/hardware_gpio/gpio.c.obj
[ 59%] Building ASM object camelforth-b/forth/CMakeFiles/forth.dir/some/path/to/camelforth-rp2040-b-MS-U/17-camelforth-b.d/pico-sdk/src/rp2_common/hardware_divider/divider.S.obj
[ 60%] Building C object camelforth-b/forth/CMakeFiles/forth.dir/some/path/to/camelforth-rp2040-b-MS-U/17-camelforth-b.d/pico-sdk/src/rp2_common/pico_stdio/stdio.c.obj
[ 60%] Building C object camelforth-b/forth/CMakeFiles/forth.dir/some/path/to/camelforth-rp2040-b-MS-U/17-camelforth-b.d/pico-sdk/src/rp2_common/pico_stdio_uart/stdio_uart.c.obj
[ 61%] Linking CXX static library libforth.a
[ 61%] Built target forth
Scanning dependencies of target camelforth-b
[ 62%] Building C object camelforth-b/CMakeFiles/camelforth-b.dir/camelforth-b.c.obj
[ 62%] Building C object camelforth-b/CMakeFiles/camelforth-b.dir/some/path/to/camelforth-rp2040-b-MS-U/17-camelforth-b.d/pico-sdk/src/rp2_common/pico_runtime/runtime.c.obj
[ 63%] Building C object camelforth-b/CMakeFiles/camelforth-b.dir/some/path/to/camelforth-rp2040-b-MS-U/17-camelforth-b.d/pico-sdk/src/rp2_common/hardware_uart/uart.c.obj
[ 63%] Building C object camelforth-b/CMakeFiles/camelforth-b.dir/some/path/to/camelforth-rp2040-b-MS-U/17-camelforth-b.d/pico-sdk/src/rp2_common/hardware_claim/claim.c.obj
[ 64%] Building C object camelforth-b/CMakeFiles/camelforth-b.dir/some/path/to/camelforth-rp2040-b-MS-U/17-camelforth-b.d/pico-sdk/src/rp2_common/hardware_sync/sync.c.obj
[ 64%] Building C object camelforth-b/CMakeFiles/camelforth-b.dir/some/path/to/camelforth-rp2040-b-MS-U/17-camelforth-b.d/pico-sdk/src/rp2_common/pico_platform/platform.c.obj
[ 65%] Building C object camelforth-b/CMakeFiles/camelforth-b.dir/some/path/to/camelforth-rp2040-b-MS-U/17-camelforth-b.d/pico-sdk/src/rp2_common/hardware_clocks/clocks.c.obj
[ 66%] Building C object camelforth-b/CMakeFiles/camelforth-b.dir/some/path/to/camelforth-rp2040-b-MS-U/17-camelforth-b.d/pico-sdk/src/rp2_common/hardware_watchdog/watchdog.c.obj
[ 66%] Building C object camelforth-b/CMakeFiles/camelforth-b.dir/some/path/to/camelforth-rp2040-b-MS-U/17-camelforth-b.d/pico-sdk/src/rp2_common/hardware_xosc/xosc.c.obj
[ 67%] Building C object camelforth-b/CMakeFiles/camelforth-b.dir/some/path/to/camelforth-rp2040-b-MS-U/17-camelforth-b.d/pico-sdk/src/rp2_common/hardware_pll/pll.c.obj
[ 67%] Building C object camelforth-b/CMakeFiles/camelforth-b.dir/some/path/to/camelforth-rp2040-b-MS-U/17-camelforth-b.d/pico-sdk/src/rp2_common/hardware_vreg/vreg.c.obj
[ 68%] Building C object camelforth-b/CMakeFiles/camelforth-b.dir/some/path/to/camelforth-rp2040-b-MS-U/17-camelforth-b.d/pico-sdk/src/rp2_common/hardware_irq/irq.c.obj
[ 68%] Building ASM object camelforth-b/CMakeFiles/camelforth-b.dir/some/path/to/camelforth-rp2040-b-MS-U/17-camelforth-b.d/pico-sdk/src/rp2_common/hardware_irq/irq_handler_chain.S.obj
[ 69%] Building C object camelforth-b/CMakeFiles/camelforth-b.dir/some/path/to/camelforth-rp2040-b-MS-U/17-camelforth-b.d/pico-sdk/src/common/pico_sync/sem.c.obj
[ 70%] Building C object camelforth-b/CMakeFiles/camelforth-b.dir/some/path/to/camelforth-rp2040-b-MS-U/17-camelforth-b.d/pico-sdk/src/common/pico_sync/lock_core.c.obj
[ 70%] Building C object camelforth-b/CMakeFiles/camelforth-b.dir/some/path/to/camelforth-rp2040-b-MS-U/17-camelforth-b.d/pico-sdk/src/common/pico_time/time.c.obj
[ 71%] Building C object camelforth-b/CMakeFiles/camelforth-b.dir/some/path/to/camelforth-rp2040-b-MS-U/17-camelforth-b.d/pico-sdk/src/common/pico_time/timeout_helper.c.obj
[ 71%] Building C object camelforth-b/CMakeFiles/camelforth-b.dir/some/path/to/camelforth-rp2040-b-MS-U/17-camelforth-b.d/pico-sdk/src/rp2_common/hardware_timer/timer.c.obj
[ 72%] Building C object camelforth-b/CMakeFiles/camelforth-b.dir/some/path/to/camelforth-rp2040-b-MS-U/17-camelforth-b.d/pico-sdk/src/common/pico_util/datetime.c.obj
[ 72%] Building C object camelforth-b/CMakeFiles/camelforth-b.dir/some/path/to/camelforth-rp2040-b-MS-U/17-camelforth-b.d/pico-sdk/src/common/pico_util/pheap.c.obj
[ 73%] Building C object camelforth-b/CMakeFiles/camelforth-b.dir/some/path/to/camelforth-rp2040-b-MS-U/17-camelforth-b.d/pico-sdk/src/common/pico_util/queue.c.obj
[ 74%] Building C object camelforth-b/CMakeFiles/camelforth-b.dir/some/path/to/camelforth-rp2040-b-MS-U/17-camelforth-b.d/pico-sdk/src/common/pico_sync/mutex.c.obj
[ 74%] Building C object camelforth-b/CMakeFiles/camelforth-b.dir/some/path/to/camelforth-rp2040-b-MS-U/17-camelforth-b.d/pico-sdk/src/common/pico_sync/critical_section.c.obj
[ 75%] Building C object camelforth-b/CMakeFiles/camelforth-b.dir/some/path/to/camelforth-rp2040-b-MS-U/17-camelforth-b.d/pico-sdk/src/rp2_common/pico_printf/printf.c.obj
[ 75%] Building ASM object camelforth-b/CMakeFiles/camelforth-b.dir/some/path/to/camelforth-rp2040-b-MS-U/17-camelforth-b.d/pico-sdk/src/rp2_common/pico_bit_ops/bit_ops_aeabi.S.obj
[ 76%] Building C object camelforth-b/CMakeFiles/camelforth-b.dir/some/path/to/camelforth-rp2040-b-MS-U/17-camelforth-b.d/pico-sdk/src/rp2_common/pico_bootrom/bootrom.c.obj
[ 76%] Building ASM object camelforth-b/CMakeFiles/camelforth-b.dir/some/path/to/camelforth-rp2040-b-MS-U/17-camelforth-b.d/pico-sdk/src/rp2_common/pico_divider/divider.S.obj
[ 77%] Building ASM object camelforth-b/CMakeFiles/camelforth-b.dir/some/path/to/camelforth-rp2040-b-MS-U/17-camelforth-b.d/pico-sdk/src/rp2_common/pico_double/double_aeabi.S.obj
[ 78%] Building C object camelforth-b/CMakeFiles/camelforth-b.dir/some/path/to/camelforth-rp2040-b-MS-U/17-camelforth-b.d/pico-sdk/src/rp2_common/pico_double/double_init_rom.c.obj
[ 78%] Building C object camelforth-b/CMakeFiles/camelforth-b.dir/some/path/to/camelforth-rp2040-b-MS-U/17-camelforth-b.d/pico-sdk/src/rp2_common/pico_double/double_math.c.obj
[ 79%] Building ASM object camelforth-b/CMakeFiles/camelforth-b.dir/some/path/to/camelforth-rp2040-b-MS-U/17-camelforth-b.d/pico-sdk/src/rp2_common/pico_double/double_v1_rom_shim.S.obj
[ 79%] Building ASM object camelforth-b/CMakeFiles/camelforth-b.dir/some/path/to/camelforth-rp2040-b-MS-U/17-camelforth-b.d/pico-sdk/src/rp2_common/pico_int64_ops/pico_int64_ops_aeabi.S.obj
[ 80%] Building ASM object camelforth-b/CMakeFiles/camelforth-b.dir/some/path/to/camelforth-rp2040-b-MS-U/17-camelforth-b.d/pico-sdk/src/rp2_common/pico_float/float_aeabi.S.obj
[ 80%] Building C object camelforth-b/CMakeFiles/camelforth-b.dir/some/path/to/camelforth-rp2040-b-MS-U/17-camelforth-b.d/pico-sdk/src/rp2_common/pico_float/float_init_rom.c.obj
[ 81%] Building C object camelforth-b/CMakeFiles/camelforth-b.dir/some/path/to/camelforth-rp2040-b-MS-U/17-camelforth-b.d/pico-sdk/src/rp2_common/pico_float/float_math.c.obj
[ 82%] Building ASM object camelforth-b/CMakeFiles/camelforth-b.dir/some/path/to/camelforth-rp2040-b-MS-U/17-camelforth-b.d/pico-sdk/src/rp2_common/pico_float/float_v1_rom_shim.S.obj
[ 82%] Building C object camelforth-b/CMakeFiles/camelforth-b.dir/some/path/to/camelforth-rp2040-b-MS-U/17-camelforth-b.d/pico-sdk/src/rp2_common/pico_malloc/pico_malloc.c.obj
[ 83%] Building ASM object camelforth-b/CMakeFiles/camelforth-b.dir/some/path/to/camelforth-rp2040-b-MS-U/17-camelforth-b.d/pico-sdk/src/rp2_common/pico_mem_ops/mem_ops_aeabi.S.obj
[ 83%] Building ASM object camelforth-b/CMakeFiles/camelforth-b.dir/some/path/to/camelforth-rp2040-b-MS-U/17-camelforth-b.d/pico-sdk/src/rp2_common/pico_standard_link/crt0.S.obj
[ 84%] Building CXX object camelforth-b/CMakeFiles/camelforth-b.dir/some/path/to/camelforth-rp2040-b-MS-U/17-camelforth-b.d/pico-sdk/src/rp2_common/pico_standard_link/new_delete.cpp.obj
/some/path/to/camelforth-rp2040-b-MS-U/17-camelforth-b.d/pico-sdk/src/rp2_common/pico_standard_link/new_delete.cpp:24:6: warning: the program should also define 'void operator delete [](void*, unsigned int)' [-Wsized-deallocation]
 void operator delete[](void *p) noexcept { std::free(p); }
      ^~~~~~~~
[ 84%] Building C object camelforth-b/CMakeFiles/camelforth-b.dir/some/path/to/camelforth-rp2040-b-MS-U/17-camelforth-b.d/pico-sdk/src/rp2_common/pico_standard_link/binary_info.c.obj
[ 85%] Building C object camelforth-b/CMakeFiles/camelforth-b.dir/some/path/to/camelforth-rp2040-b-MS-U/17-camelforth-b.d/pico-sdk/src/rp2_common/hardware_flash/flash.c.obj
[ 86%] Building C object camelforth-b/CMakeFiles/camelforth-b.dir/some/path/to/camelforth-rp2040-b-MS-U/17-camelforth-b.d/pico-sdk/src/rp2_common/pico_stdlib/stdlib.c.obj
[ 86%] Building C object camelforth-b/CMakeFiles/camelforth-b.dir/some/path/to/camelforth-rp2040-b-MS-U/17-camelforth-b.d/pico-sdk/src/rp2_common/hardware_gpio/gpio.c.obj
[ 87%] Building ASM object camelforth-b/CMakeFiles/camelforth-b.dir/some/path/to/camelforth-rp2040-b-MS-U/17-camelforth-b.d/pico-sdk/src/rp2_common/hardware_divider/divider.S.obj
[ 87%] Building C object camelforth-b/CMakeFiles/camelforth-b.dir/some/path/to/camelforth-rp2040-b-MS-U/17-camelforth-b.d/pico-sdk/src/rp2_common/pico_stdio/stdio.c.obj
[ 88%] Building C object camelforth-b/CMakeFiles/camelforth-b.dir/some/path/to/camelforth-rp2040-b-MS-U/17-camelforth-b.d/pico-sdk/src/rp2_common/pico_stdio_uart/stdio_uart.c.obj
[ 88%] Building C object camelforth-b/CMakeFiles/camelforth-b.dir/some/path/to/camelforth-rp2040-b-MS-U/17-camelforth-b.d/pico-sdk/src/rp2_common/pico_stdio_usb/reset_interface.c.obj
[ 89%] Building C object camelforth-b/CMakeFiles/camelforth-b.dir/some/path/to/camelforth-rp2040-b-MS-U/17-camelforth-b.d/pico-sdk/src/rp2_common/pico_stdio_usb/stdio_usb.c.obj
[ 90%] Building C object camelforth-b/CMakeFiles/camelforth-b.dir/some/path/to/camelforth-rp2040-b-MS-U/17-camelforth-b.d/pico-sdk/src/rp2_common/pico_stdio_usb/stdio_usb_descriptors.c.obj
[ 90%] Building C object camelforth-b/CMakeFiles/camelforth-b.dir/some/path/to/camelforth-rp2040-b-MS-U/17-camelforth-b.d/pico-sdk/lib/tinyusb/src/portable/raspberrypi/rp2040/dcd_rp2040.c.obj
[ 91%] Building C object camelforth-b/CMakeFiles/camelforth-b.dir/some/path/to/camelforth-rp2040-b-MS-U/17-camelforth-b.d/pico-sdk/lib/tinyusb/src/portable/raspberrypi/rp2040/rp2040_usb.c.obj
[ 91%] Building C object camelforth-b/CMakeFiles/camelforth-b.dir/some/path/to/camelforth-rp2040-b-MS-U/17-camelforth-b.d/pico-sdk/lib/tinyusb/src/device/usbd.c.obj
[ 92%] Building C object camelforth-b/CMakeFiles/camelforth-b.dir/some/path/to/camelforth-rp2040-b-MS-U/17-camelforth-b.d/pico-sdk/lib/tinyusb/src/device/usbd_control.c.obj
[ 92%] Building C object camelforth-b/CMakeFiles/camelforth-b.dir/some/path/to/camelforth-rp2040-b-MS-U/17-camelforth-b.d/pico-sdk/lib/tinyusb/src/class/audio/audio_device.c.obj
[ 93%] Building C object camelforth-b/CMakeFiles/camelforth-b.dir/some/path/to/camelforth-rp2040-b-MS-U/17-camelforth-b.d/pico-sdk/lib/tinyusb/src/class/cdc/cdc_device.c.obj
[ 94%] Building C object camelforth-b/CMakeFiles/camelforth-b.dir/some/path/to/camelforth-rp2040-b-MS-U/17-camelforth-b.d/pico-sdk/lib/tinyusb/src/class/dfu/dfu_rt_device.c.obj
[ 94%] Building C object camelforth-b/CMakeFiles/camelforth-b.dir/some/path/to/camelforth-rp2040-b-MS-U/17-camelforth-b.d/pico-sdk/lib/tinyusb/src/class/hid/hid_device.c.obj
[ 95%] Building C object camelforth-b/CMakeFiles/camelforth-b.dir/some/path/to/camelforth-rp2040-b-MS-U/17-camelforth-b.d/pico-sdk/lib/tinyusb/src/class/midi/midi_device.c.obj
[ 95%] Building C object camelforth-b/CMakeFiles/camelforth-b.dir/some/path/to/camelforth-rp2040-b-MS-U/17-camelforth-b.d/pico-sdk/lib/tinyusb/src/class/msc/msc_device.c.obj
[ 96%] Building C object camelforth-b/CMakeFiles/camelforth-b.dir/some/path/to/camelforth-rp2040-b-MS-U/17-camelforth-b.d/pico-sdk/lib/tinyusb/src/class/net/net_device.c.obj
[ 96%] Building C object camelforth-b/CMakeFiles/camelforth-b.dir/some/path/to/camelforth-rp2040-b-MS-U/17-camelforth-b.d/pico-sdk/lib/tinyusb/src/class/usbtmc/usbtmc_device.c.obj
[ 97%] Building C object camelforth-b/CMakeFiles/camelforth-b.dir/some/path/to/camelforth-rp2040-b-MS-U/17-camelforth-b.d/pico-sdk/lib/tinyusb/src/class/vendor/vendor_device.c.obj
[ 98%] Building C object camelforth-b/CMakeFiles/camelforth-b.dir/some/path/to/camelforth-rp2040-b-MS-U/17-camelforth-b.d/pico-sdk/lib/tinyusb/src/tusb.c.obj
[ 98%] Building C object camelforth-b/CMakeFiles/camelforth-b.dir/some/path/to/camelforth-rp2040-b-MS-U/17-camelforth-b.d/pico-sdk/lib/tinyusb/src/common/tusb_fifo.c.obj
[100%] Building C object camelforth-b/CMakeFiles/camelforth-b.dir/some/path/to/camelforth-rp2040-b-MS-U/17-camelforth-b.d/pico-sdk/src/rp2_common/pico_fix/rp2040_usb_device_enumeration/rp2040_usb_device_enumeration.c.obj
[100%] Linking CXX executable camelforth-b.elf
[100%] Built target camelforth-b
